ISim log file
Running: C:\Xilinx\digitallock\t_door_lock_top_isim_beh.exe -intstyle ise -gui -tclbatch isim.cmd -wdb C:/Xilinx/digitallock/t_door_lock_top_isim_beh.wdb 
ISim P.58f (signature 0x7708f090)
----------------------------------------------------------------------
INFO:Security:51 - The XILINXD_LICENSE_FILE environment variable is not set.
INFO:Security:53 - The LM_LICENSE_FILE environment variable is not set.
INFO:Security:68a - user is Umair, on host DESKTOP-OHSIQ4O.
WARNING:Security:43 - No license file was found in the standard Xilinx license directory.
WARNING:Security:44 - Since no license file was found,
       please run the Xilinx License Configuration Manager
       (xlcm or "Manage Xilinx Licenses")
       to assist in obtaining a license.
ERROR:Security:14 - No feature was available for 'ISIM'.

No such feature exists.
Feature:       ISIM
License path:  C:/.Xilinx;C:\Xilinx\14.5\ISE_DS\ISE\/coregen/core_licenses\Xilinx.lic;C:\Xilinx\14.5\ISE_DS\ISE\/coregen/core_licenses\XilinxFree.lic;C:\Xilinx\14.5\ISE_DS\EDK/data/core_licenses\Xilinx.lic;
FLEXnet Licensing error:-5,357
For further information, refer to the FLEXnet Licensing documentation,
available at "www.flexerasoftware.com".
----------------------------------------------------------------------
WARNING: A full ISim License cannot be checked out due to the issues listed above. Please use Xilinx License Configuration Manager to fix these issues in order to check out a full ISim license.
WARNING: ISim will run in Lite mode. Please refer to the ISim documentation for more information on the differences between the Lite and the Full version.
This is a Lite version of ISim.
WARNING:  For instance UUT/LD_trials/, width 4 of formal port i_binary is not equal to width 2 of actual constant.
Time resolution is 1 ps
# onerror resume
# wave add /
# run 1000 ns
Simulator is doing circuit initialization process.
Finished circuit initialization process.
Stopped at time : 5450 ps :  in File "C:/Xilinx/digitallock/t_door_lock_top.v" Line 146 
